# JRE version: OpenJDK Runtime Environment (8.0_242-b01) (build 1.8.0_242-release-1644-b01)
# Java VM: OpenJDK 64-Bit Server VM (25.242-b01 mixed mode windows-amd64 compressed oops)
Heap:
 PSYoungGen      total 177664K, used 27944K [0x00000000d5580000, 0x00000000e1380000, 0x0000000100000000)
  eden space 162816K, 11% used [0x00000000d5580000,0x00000000d673b670,0x00000000df480000)
  from space 14848K, 65% used [0x00000000e0500000,0x00000000e0e8ead8,0x00000000e1380000)
  to   space 15872K, 0% used [0x00000000df480000,0x00000000df480000,0x00000000e0400000)
 ParOldGen       total 134144K, used 48299K [0x0000000080000000, 0x0000000088300000, 0x00000000d5580000)
  object space 134144K, 36% used [0x0000000080000000,0x0000000082f2af40,0x0000000088300000)
 Metaspace       used 69821K, capacity 72626K, committed 72872K, reserved 1112064K
  class space    used 9482K, capacity 10081K, committed 10152K, reserved 1048576K
GC Heap History (10 events):
Event: 28.053 GC heap before
{Heap before GC invocations=15 (full 2):
 PSYoungGen      total 115200K, used 113769K [0x00000000d5580000, 0x00000000dd500000, 0x0000000100000000)
  eden space 103424K, 100% used [0x00000000d5580000,0x00000000dba80000,0x00000000dba80000)
  from space 11776K, 87% used [0x00000000dc700000,0x00000000dd11a640,0x00000000dd280000)
  to   space 12800K, 0% used [0x00000000dba80000,0x00000000dba80000,0x00000000dc700000)
 ParOldGen       total 86528K, used 21422K [0x0000000080000000, 0x0000000085480000, 0x00000000d5580000)
  object space 86528K, 24% used [0x0000000080000000,0x00000000814eb928,0x0000000085480000)
 Metaspace       used 54011K, capacity 55980K, committed 56232K, reserved 1097728K
  class space    used 7347K, capacity 7822K, committed 7848K, reserved 1048576K
Event: 28.094 GC heap after
Heap after GC invocations=15 (full 2):
 PSYoungGen      total 116224K, used 10844K [0x00000000d5580000, 0x00000000df480000, 0x0000000100000000)
  eden space 103424K, 0% used [0x00000000d5580000,0x00000000d5580000,0x00000000dba80000)
  from space 12800K, 84% used [0x00000000dba80000,0x00000000dc517070,0x00000000dc700000)
  to   space 13312K, 0% used [0x00000000de780000,0x00000000de780000,0x00000000df480000)
 ParOldGen       total 86528K, used 26611K [0x0000000080000000, 0x0000000085480000, 0x00000000d5580000)
  object space 86528K, 30% used [0x0000000080000000,0x00000000819fcfe0,0x0000000085480000)
 Metaspace       used 54011K, capacity 55980K, committed 56232K, reserved 1097728K
  class space    used 7347K, capacity 7822K, committed 7848K, reserved 1048576K
}
Event: 30.002 GC heap before
{Heap before GC invocations=16 (full 2):
 PSYoungGen      total 116224K, used 59812K [0x00000000d5580000, 0x00000000df480000, 0x0000000100000000)
  eden space 103424K, 47% used [0x00000000d5580000,0x00000000d85520a8,0x00000000dba80000)
  from space 12800K, 84% used [0x00000000dba80000,0x00000000dc517070,0x00000000dc700000)
  to   space 13312K, 0% used [0x00000000de780000,0x00000000de780000,0x00000000df480000)
 ParOldGen       total 86528K, used 26611K [0x0000000080000000, 0x0000000085480000, 0x00000000d5580000)
  object space 86528K, 30% used [0x0000000080000000,0x00000000819fcfe0,0x0000000085480000)
 Metaspace       used 57045K, capacity 59076K, committed 59160K, reserved 1099776K
  class space    used 7831K, capacity 8308K, committed 8360K, reserved 1048576K
Event: 30.061 GC heap after
Heap after GC invocations=16 (full 2):
 PSYoungGen      total 149504K, used 4416K [0x00000000d5580000, 0x00000000df900000, 0x0000000100000000)
  eden space 136192K, 0% used [0x00000000d5580000,0x00000000d5580000,0x00000000dda80000)
  from space 13312K, 33% used [0x00000000de780000,0x00000000debd02a0,0x00000000df480000)
  to   space 13312K, 0% used [0x00000000dda80000,0x00000000dda80000,0x00000000de780000)
 ParOldGen       total 86528K, used 33768K [0x0000000080000000, 0x0000000085480000, 0x00000000d5580000)
  object space 86528K, 39% used [0x0000000080000000,0x00000000820fa020,0x0000000085480000)
 Metaspace       used 57045K, capacity 59076K, committed 59160K, reserved 1099776K
  class space    used 7831K, capacity 8308K, committed 8360K, reserved 1048576K
}
Event: 30.061 GC heap before
{Heap before GC invocations=17 (full 3):
 PSYoungGen      total 149504K, used 4416K [0x00000000d5580000, 0x00000000df900000, 0x0000000100000000)
  eden space 136192K, 0% used [0x00000000d5580000,0x00000000d5580000,0x00000000dda80000)
  from space 13312K, 33% used [0x00000000de780000,0x00000000debd02a0,0x00000000df480000)
  to   space 13312K, 0% used [0x00000000dda80000,0x00000000dda80000,0x00000000de780000)
 ParOldGen       total 86528K, used 33768K [0x0000000080000000, 0x0000000085480000, 0x00000000d5580000)
  object space 86528K, 39% used [0x0000000080000000,0x00000000820fa020,0x0000000085480000)
 Metaspace       used 57045K, capacity 59076K, committed 59160K, reserved 1099776K
  class space    used 7831K, capacity 8308K, committed 8360K, reserved 1048576K
Event: 30.751 GC heap after
Heap after GC invocations=17 (full 3):
 PSYoungGen      total 149504K, used 0K [0x00000000d5580000, 0x00000000df900000, 0x0000000100000000)
  eden space 136192K, 0% used [0x00000000d5580000,0x00000000d5580000,0x00000000dda80000)
  from space 13312K, 0% used [0x00000000de780000,0x00000000de780000,0x00000000df480000)
  to   space 13312K, 0% used [0x00000000dda80000,0x00000000dda80000,0x00000000de780000)
 ParOldGen       total 134144K, used 34310K [0x0000000080000000, 0x0000000088300000, 0x00000000d5580000)
  object space 134144K, 25% used [0x0000000080000000,0x0000000082181b50,0x0000000088300000)
 Metaspace       used 57033K, capacity 59034K, committed 59160K, reserved 1099776K
  class space    used 7827K, capacity 8301K, committed 8360K, reserved 1048576K
}
Event: 39.601 GC heap before
{Heap before GC invocations=18 (full 3):
 PSYoungGen      total 149504K, used 136192K [0x00000000d5580000, 0x00000000df900000, 0x0000000100000000)
  eden space 136192K, 100% used [0x00000000d5580000,0x00000000dda80000,0x00000000dda80000)
  from space 13312K, 0% used [0x00000000de780000,0x00000000de780000,0x00000000df480000)
  to   space 13312K, 0% used [0x00000000dda80000,0x00000000dda80000,0x00000000de780000)
 ParOldGen       total 134144K, used 34310K [0x0000000080000000, 0x0000000088300000, 0x00000000d5580000)
  object space 134144K, 25% used [0x0000000080000000,0x0000000082181b50,0x0000000088300000)
 Metaspace       used 64247K, capacity 66844K, committed 66984K, reserved 1107968K
  class space    used 8795K, capacity 9338K, committed 9384K, reserved 1048576K
Event: 39.662 GC heap after
Heap after GC invocations=18 (full 3):
 PSYoungGen      total 149504K, used 13284K [0x00000000d5580000, 0x00000000e1480000, 0x0000000100000000)
  eden space 136192K, 0% used [0x00000000d5580000,0x00000000d5580000,0x00000000dda80000)
  from space 13312K, 99% used [0x00000000dda80000,0x00000000de7793f0,0x00000000de780000)
  to   space 15872K, 0% used [0x00000000e0500000,0x00000000e0500000,0x00000000e1480000)
 ParOldGen       total 134144K, used 36664K [0x0000000080000000, 0x0000000088300000, 0x00000000d5580000)
  object space 134144K, 27% used [0x0000000080000000,0x00000000823ce2f0,0x0000000088300000)
 Metaspace       used 64247K, capacity 66844K, committed 66984K, reserved 1107968K
  class space    used 8795K, capacity 9338K, committed 9384K, reserved 1048576K
}
Event: 46.563 GC heap before
{Heap before GC invocations=19 (full 3):
 PSYoungGen      total 149504K, used 149476K [0x00000000d5580000, 0x00000000e1480000, 0x0000000100000000)
  eden space 136192K, 100% used [0x00000000d5580000,0x00000000dda80000,0x00000000dda80000)
  from space 13312K, 99% used [0x00000000dda80000,0x00000000de7793f0,0x00000000de780000)
  to   space 15872K, 0% used [0x00000000e0500000,0x00000000e0500000,0x00000000e1480000)
 ParOldGen       total 134144K, used 36664K [0x0000000080000000, 0x0000000088300000, 0x00000000d5580000)
  object space 134144K, 27% used [0x0000000080000000,0x00000000823ce2f0,0x0000000088300000)
 Metaspace       used 68871K, capacity 71676K, committed 71976K, reserved 1112064K
  class space    used 9380K, capacity 9960K, committed 10024K, reserved 1048576K
Event: 46.647 GC heap after
Heap after GC invocations=19 (full 3):
 PSYoungGen      total 177664K, used 9786K [0x00000000d5580000, 0x00000000e1380000, 0x0000000100000000)
  eden space 162816K, 0% used [0x00000000d5580000,0x00000000d5580000,0x00000000df480000)
  from space 14848K, 65% used [0x00000000e0500000,0x00000000e0e8ead8,0x00000000e1380000)
  to   space 15872K, 0% used [0x00000000df480000,0x00000000df480000,0x00000000e0400000)
 ParOldGen       total 134144K, used 48299K [0x0000000080000000, 0x0000000088300000, 0x00000000d5580000)
  object space 134144K, 36% used [0x0000000080000000,0x0000000082f2af40,0x0000000088300000)
 Metaspace       used 68871K, capacity 71676K, committed 71976K, reserved 1112064K
  class space    used 9380K, capacity 9960K, committed 10024K, reserved 1048576K
}

